0 info it worked if it ends with ok
1 verbose cli [ 'node', '/usr/local/bin/npm', 'install' ]
2 info using npm@1.4.28
3 info using node@v0.10.36
4 verbose readDependencies using package.json deps
5 verbose install where, deps [ '/Users/Adrian/Documents/workspace/PL/P_ADPR',
5 verbose install   [ 'express', 'jade', 'node-sass' ] ]
6 info preinstall application-name@0.0.1
7 verbose readDependencies using package.json deps
8 verbose cache add [ 'express@2.5.8', null ]
9 verbose cache add name=undefined spec="express@2.5.8" args=["express@2.5.8",null]
10 verbose parsed url { protocol: null,
10 verbose parsed url   slashes: null,
10 verbose parsed url   auth: null,
10 verbose parsed url   host: null,
10 verbose parsed url   port: null,
10 verbose parsed url   hostname: null,
10 verbose parsed url   hash: null,
10 verbose parsed url   search: null,
10 verbose parsed url   query: null,
10 verbose parsed url   pathname: 'express@2.5.8',
10 verbose parsed url   path: 'express@2.5.8',
10 verbose parsed url   href: 'express@2.5.8' }
11 verbose cache add [ 'jade@^1.9.2', null ]
12 verbose cache add name=undefined spec="jade@^1.9.2" args=["jade@^1.9.2",null]
13 verbose parsed url { protocol: null,
13 verbose parsed url   slashes: null,
13 verbose parsed url   auth: null,
13 verbose parsed url   host: null,
13 verbose parsed url   port: null,
13 verbose parsed url   hostname: null,
13 verbose parsed url   hash: null,
13 verbose parsed url   search: null,
13 verbose parsed url   query: null,
13 verbose parsed url   pathname: 'jade@^1.9.2',
13 verbose parsed url   path: 'jade@^1.9.2',
13 verbose parsed url   href: 'jade@^1.9.2' }
14 verbose cache add [ 'node-sass@^2.1.1', null ]
15 verbose cache add name=undefined spec="node-sass@^2.1.1" args=["node-sass@^2.1.1",null]
16 verbose parsed url { protocol: null,
16 verbose parsed url   slashes: null,
16 verbose parsed url   auth: null,
16 verbose parsed url   host: null,
16 verbose parsed url   port: null,
16 verbose parsed url   hostname: null,
16 verbose parsed url   hash: null,
16 verbose parsed url   search: null,
16 verbose parsed url   query: null,
16 verbose parsed url   pathname: 'node-sass@^2.1.1',
16 verbose parsed url   path: 'node-sass@^2.1.1',
16 verbose parsed url   href: 'node-sass@^2.1.1' }
17 verbose cache add name="express" spec="2.5.8" args=["express","2.5.8"]
18 verbose parsed url { protocol: null,
18 verbose parsed url   slashes: null,
18 verbose parsed url   auth: null,
18 verbose parsed url   host: null,
18 verbose parsed url   port: null,
18 verbose parsed url   hostname: null,
18 verbose parsed url   hash: null,
18 verbose parsed url   search: null,
18 verbose parsed url   query: null,
18 verbose parsed url   pathname: '2.5.8',
18 verbose parsed url   path: '2.5.8',
18 verbose parsed url   href: '2.5.8' }
19 verbose addNamed [ 'express', '2.5.8' ]
20 verbose addNamed [ '2.5.8', '2.5.8' ]
21 verbose cache add name="jade" spec="^1.9.2" args=["jade","^1.9.2"]
22 verbose parsed url { protocol: null,
22 verbose parsed url   slashes: null,
22 verbose parsed url   auth: null,
22 verbose parsed url   host: null,
22 verbose parsed url   port: null,
22 verbose parsed url   hostname: null,
22 verbose parsed url   hash: null,
22 verbose parsed url   search: null,
22 verbose parsed url   query: null,
22 verbose parsed url   pathname: '^1.9.2',
22 verbose parsed url   path: '^1.9.2',
22 verbose parsed url   href: '^1.9.2' }
23 verbose addNamed [ 'jade', '^1.9.2' ]
24 verbose addNamed [ null, '>=1.9.2-0 <2.0.0-0' ]
25 verbose cache add name="node-sass" spec="^2.1.1" args=["node-sass","^2.1.1"]
26 verbose parsed url { protocol: null,
26 verbose parsed url   slashes: null,
26 verbose parsed url   auth: null,
26 verbose parsed url   host: null,
26 verbose parsed url   port: null,
26 verbose parsed url   hostname: null,
26 verbose parsed url   hash: null,
26 verbose parsed url   search: null,
26 verbose parsed url   query: null,
26 verbose parsed url   pathname: '^2.1.1',
26 verbose parsed url   path: '^2.1.1',
26 verbose parsed url   href: '^2.1.1' }
27 verbose addNamed [ 'node-sass', '^2.1.1' ]
28 verbose addNamed [ null, '>=2.1.1-0 <3.0.0-0' ]
29 silly lockFile 70a1a393-express-2-5-8 express@2.5.8
30 verbose lock express@2.5.8 /Users/Adrian/.npm/70a1a393-express-2-5-8.lock
31 silly lockFile 381ca5c2-jade-1-9-2 jade@^1.9.2
32 verbose lock jade@^1.9.2 /Users/Adrian/.npm/381ca5c2-jade-1-9-2.lock
33 silly lockFile ca6c4ca6-node-sass-2-1-1 node-sass@^2.1.1
34 verbose lock node-sass@^2.1.1 /Users/Adrian/.npm/ca6c4ca6-node-sass-2-1-1.lock
35 silly addNameRange { name: 'node-sass',
35 silly addNameRange   range: '>=2.1.1-0 <3.0.0-0',
35 silly addNameRange   hasData: false }
36 silly addNameRange { name: 'jade', range: '>=1.9.2-0 <2.0.0-0', hasData: false }
37 verbose request where is /node-sass
38 verbose request registry https://registry.npmjs.org/
39 verbose request id ddc7350a46c2ce11
40 verbose url raw /node-sass
41 verbose url resolving [ 'https://registry.npmjs.org/', './node-sass' ]
42 verbose url resolved https://registry.npmjs.org/node-sass
43 verbose request where is https://registry.npmjs.org/node-sass
44 info trying registry request attempt 1 at 18:12:27
45 http GET https://registry.npmjs.org/node-sass
46 verbose request where is /express
47 verbose request registry https://registry.npmjs.org/
48 verbose url raw /express
49 verbose url resolving [ 'https://registry.npmjs.org/', './express' ]
50 verbose url resolved https://registry.npmjs.org/express
51 verbose request where is https://registry.npmjs.org/express
52 info trying registry request attempt 1 at 18:12:28
53 verbose etag "9UQXXU09GJOSW3WO2L58ANAHK"
54 http GET https://registry.npmjs.org/express
55 verbose request where is /jade
56 verbose request registry https://registry.npmjs.org/
57 verbose url raw /jade
58 verbose url resolving [ 'https://registry.npmjs.org/', './jade' ]
59 verbose url resolved https://registry.npmjs.org/jade
60 verbose request where is https://registry.npmjs.org/jade
61 info trying registry request attempt 1 at 18:12:28
62 verbose etag "FEO7ZBSO5HTBI7QYP5NK7G4O"
63 http GET https://registry.npmjs.org/jade
64 http 200 https://registry.npmjs.org/jade
65 silly registry.get cb [ 200,
65 silly registry.get   { date: 'Tue, 14 Apr 2015 17:12:29 GMT',
65 silly registry.get     server: 'CouchDB/1.5.0 (Erlang OTP/R16B03)',
65 silly registry.get     etag: '"AB3QMCNXQCYPS7Y245INX3DHO"',
65 silly registry.get     'content-type': 'application/json',
65 silly registry.get     'cache-control': 'max-age=60',
65 silly registry.get     'content-length': '141460',
65 silly registry.get     'accept-ranges': 'bytes',
65 silly registry.get     via: '1.1 varnish',
65 silly registry.get     age: '17',
65 silly registry.get     'x-served-by': 'cache-lcy1126-LCY',
65 silly registry.get     'x-cache': 'HIT',
65 silly registry.get     'x-cache-hits': '1',
65 silly registry.get     'x-timer': 'S1429031549.385384,VS0,VE1',
65 silly registry.get     vary: 'Accept',
65 silly registry.get     'keep-alive': 'timeout=10, max=50',
65 silly registry.get     connection: 'Keep-Alive' } ]
66 silly addNameRange number 2 { name: 'jade', range: '>=1.9.2-0 <2.0.0-0', hasData: true }
67 silly addNameRange versions [ 'jade',
67 silly addNameRange   [ '0.0.1',
67 silly addNameRange     '0.0.2',
67 silly addNameRange     '0.1.0',
67 silly addNameRange     '0.2.0',
67 silly addNameRange     '0.2.1',
67 silly addNameRange     '0.2.2',
67 silly addNameRange     '0.2.3',
67 silly addNameRange     '0.2.4',
67 silly addNameRange     '0.3.0',
67 silly addNameRange     '0.4.0',
67 silly addNameRange     '0.4.1',
67 silly addNameRange     '0.5.0',
67 silly addNameRange     '0.5.1',
67 silly addNameRange     '0.5.2',
67 silly addNameRange     '0.5.3',
67 silly addNameRange     '0.5.4',
67 silly addNameRange     '0.5.5',
67 silly addNameRange     '0.5.6',
67 silly addNameRange     '0.5.7',
67 silly addNameRange     '0.6.0',
67 silly addNameRange     '0.6.1',
67 silly addNameRange     '0.6.3',
67 silly addNameRange     '0.7.0',
67 silly addNameRange     '0.7.1',
67 silly addNameRange     '0.8.0',
67 silly addNameRange     '0.8.1',
67 silly addNameRange     '0.8.2',
67 silly addNameRange     '0.8.3',
67 silly addNameRange     '0.8.4',
67 silly addNameRange     '0.8.5',
67 silly addNameRange     '0.8.6',
67 silly addNameRange     '0.8.7',
67 silly addNameRange     '0.8.8',
67 silly addNameRange     '0.8.9',
67 silly addNameRange     '0.9.0',
67 silly addNameRange     '0.9.1',
67 silly addNameRange     '0.9.2',
67 silly addNameRange     '0.9.3',
67 silly addNameRange     '0.10.0',
67 silly addNameRange     '0.10.1',
67 silly addNameRange     '0.10.2',
67 silly addNameRange     '0.10.3',
67 silly addNameRange     '0.10.4',
67 silly addNameRange     '0.10.5',
67 silly addNameRange     '0.10.6',
67 silly addNameRange     '0.10.7',
67 silly addNameRange     '0.11.0',
67 silly addNameRange     '0.11.1',
67 silly addNameRange     '0.12.0',
67 silly addNameRange     '0.12.1',
67 silly addNameRange     '0.12.2',
67 silly addNameRange     '0.12.3',
67 silly addNameRange     '0.12.4',
67 silly addNameRange     '0.13.0',
67 silly addNameRange     '0.14.0',
67 silly addNameRange     '0.14.1',
67 silly addNameRange     '0.14.2',
67 silly addNameRange     '0.15.0',
67 silly addNameRange     '0.15.1',
67 silly addNameRange     '0.15.2',
67 silly addNameRange     '0.15.3',
67 silly addNameRange     '0.15.4',
67 silly addNameRange     '0.16.0',
67 silly addNameRange     '0.16.1',
67 silly addNameRange     '0.16.2',
67 silly addNameRange     '0.16.3',
67 silly addNameRange     '0.16.4',
67 silly addNameRange     '0.17.0',
67 silly addNameRange     '0.18.0',
67 silly addNameRange     '0.19.0',
67 silly addNameRange     '0.20.0',
67 silly addNameRange     '0.20.1',
67 silly addNameRange     '0.20.2',
67 silly addNameRange     '0.20.3',
67 silly addNameRange     '0.21.0',
67 silly addNameRange     '0.22.0',
67 silly addNameRange     '0.22.1',
67 silly addNameRange     '0.23.0',
67 silly addNameRange     '0.24.0',
67 silly addNameRange     '0.25.0',
67 silly addNameRange     '0.26.0',
67 silly addNameRange     '0.26.1',
67 silly addNameRange     '0.26.2',
67 silly addNameRange     '0.26.3',
67 silly addNameRange     '0.27.0',
67 silly addNameRange     '0.27.1',
67 silly addNameRange     '0.27.2',
67 silly addNameRange     '0.27.3',
67 silly addNameRange     '0.27.4',
67 silly addNameRange     '0.27.5',
67 silly addNameRange     '0.27.6',
67 silly addNameRange     '0.27.7',
67 silly addNameRange     '0.28.0',
67 silly addNameRange     '0.28.1',
67 silly addNameRange     '0.28.2',
67 silly addNameRange     '0.29.0',
67 silly addNameRange     '0.30.0',
67 silly addNameRange     '0.31.0',
67 silly addNameRange     '0.31.1',
67 silly addNameRange     '0.31.2',
67 silly addNameRange     '0.32.0',
67 silly addNameRange     '0.33.0',
67 silly addNameRange     '0.34.0',
67 silly addNameRange     '0.34.1',
67 silly addNameRange     '0.35.0',
67 silly addNameRange     '1.0.0',
67 silly addNameRange     '1.0.1',
67 silly addNameRange     '1.0.2',
67 silly addNameRange     '1.1.0',
67 silly addNameRange     '1.1.1',
67 silly addNameRange     '1.1.2',
67 silly addNameRange     '1.1.3',
67 silly addNameRange     '1.1.4',
67 silly addNameRange     '1.1.5',
67 silly addNameRange     '1.2.0',
67 silly addNameRange     '1.3.0',
67 silly addNameRange     '1.3.1',
67 silly addNameRange     '1.4.0',
67 silly addNameRange     '1.4.1',
67 silly addNameRange     '1.4.2',
67 silly addNameRange     '1.5.0',
67 silly addNameRange     '1.6.0',
67 silly addNameRange     '1.7.0',
67 silly addNameRange     '1.8.0',
67 silly addNameRange     '1.8.1',
67 silly addNameRange     '1.8.2',
67 silly addNameRange     '1.9.0',
67 silly addNameRange     '1.9.1',
67 silly addNameRange     '1.9.2' ] ]
68 verbose addNamed [ 'jade', '1.9.2' ]
69 verbose addNamed [ '1.9.2', '1.9.2' ]
70 silly lockFile 20e0e06b-jade-1-9-2 jade@1.9.2
71 verbose lock jade@1.9.2 /Users/Adrian/.npm/20e0e06b-jade-1-9-2.lock
72 silly lockFile 481cf773-ry-npmjs-org-jade-jade-1-9-2-tgz https://registry.npmjs.org/jade/-/jade-1.9.2.tgz
73 verbose lock https://registry.npmjs.org/jade/-/jade-1.9.2.tgz /Users/Adrian/.npm/481cf773-ry-npmjs-org-jade-jade-1-9-2-tgz.lock
74 verbose addRemoteTarball [ 'https://registry.npmjs.org/jade/-/jade-1.9.2.tgz',
74 verbose addRemoteTarball   '0b89f9c60d4ead2738e826ba7b2ccac9a5702abe' ]
75 info retry fetch attempt 1 at 18:12:28
76 verbose fetch to= /var/folders/kp/ppcx9bp50wb5gg6ltsm74j_c0000gn/T/npm-1499-Xi22rxOg/registry.npmjs.org/jade/-/jade-1.9.2.tgz
77 http GET https://registry.npmjs.org/jade/-/jade-1.9.2.tgz
78 http 200 https://registry.npmjs.org/node-sass
79 silly registry.get cb [ 200,
79 silly registry.get   { date: 'Tue, 14 Apr 2015 17:12:29 GMT',
79 silly registry.get     server: 'CouchDB/1.5.0 (Erlang OTP/R16B03)',
79 silly registry.get     etag: '"8BCW682MXCJHVRX1MGASWB6MI"',
79 silly registry.get     'content-type': 'application/json',
79 silly registry.get     'cache-control': 'max-age=60',
79 silly registry.get     'content-length': '118484',
79 silly registry.get     'accept-ranges': 'bytes',
79 silly registry.get     via: '1.1 varnish',
79 silly registry.get     age: '0',
79 silly registry.get     'x-served-by': 'cache-lcy1123-LCY',
79 silly registry.get     'x-cache': 'HIT',
79 silly registry.get     'x-cache-hits': '1',
79 silly registry.get     'x-timer': 'S1429031549.386790,VS0,VE88',
79 silly registry.get     vary: 'Accept',
79 silly registry.get     'keep-alive': 'timeout=10, max=50',
79 silly registry.get     connection: 'Keep-Alive' } ]
80 silly addNameRange number 2 { name: 'node-sass', range: '>=2.1.1-0 <3.0.0-0', hasData: true }
81 silly addNameRange versions [ 'node-sass',
81 silly addNameRange   [ '0.2.0',
81 silly addNameRange     '0.2.1',
81 silly addNameRange     '0.2.2',
81 silly addNameRange     '0.2.3',
81 silly addNameRange     '0.2.4',
81 silly addNameRange     '0.2.5',
81 silly addNameRange     '0.2.6',
81 silly addNameRange     '0.3.0',
81 silly addNameRange     '0.4.0',
81 silly addNameRange     '0.4.1',
81 silly addNameRange     '0.4.2',
81 silly addNameRange     '0.4.3',
81 silly addNameRange     '0.4.4',
81 silly addNameRange     '0.5.0',
81 silly addNameRange     '0.5.1',
81 silly addNameRange     '0.5.2',
81 silly addNameRange     '0.5.3',
81 silly addNameRange     '0.5.4',
81 silly addNameRange     '0.6.0',
81 silly addNameRange     '0.6.1',
81 silly addNameRange     '0.6.2',
81 silly addNameRange     '0.6.3',
81 silly addNameRange     '0.6.4',
81 silly addNameRange     '0.6.5',
81 silly addNameRange     '0.6.6',
81 silly addNameRange     '0.6.7',
81 silly addNameRange     '0.7.0-alpha',
81 silly addNameRange     '0.7.0',
81 silly addNameRange     '0.8.0',
81 silly addNameRange     '0.8.1',
81 silly addNameRange     '0.8.2',
81 silly addNameRange     '0.8.3',
81 silly addNameRange     '0.8.4',
81 silly addNameRange     '0.8.5',
81 silly addNameRange     '0.8.6',
81 silly addNameRange     '0.9.0',
81 silly addNameRange     '0.9.1',
81 silly addNameRange     '0.9.2',
81 silly addNameRange     '0.9.3',
81 silly addNameRange     '0.9.4-rc1',
81 silly addNameRange     '0.9.4',
81 silly addNameRange     '0.9.5-rc1',
81 silly addNameRange     '0.9.5',
81 silly addNameRange     '0.9.6',
81 silly addNameRange     '1.0.0',
81 silly addNameRange     '1.0.1',
81 silly addNameRange     '1.0.2-alpha',
81 silly addNameRange     '1.0.2',
81 silly addNameRange     '1.0.3',
81 silly addNameRange     '1.1.0',
81 silly addNameRange     '1.1.1',
81 silly addNameRange     '1.1.2',
81 silly addNameRange     '1.1.3',
81 silly addNameRange     '1.1.4',
81 silly addNameRange     '1.2.0',
81 silly addNameRange     '1.2.1',
81 silly addNameRange     '1.2.2',
81 silly addNameRange     '1.2.3',
81 silly addNameRange     '2.0.0-beta',
81 silly addNameRange     '2.0.0',
81 silly addNameRange     '2.0.1',
81 silly addNameRange     '3.0.0-alpha.0',
81 silly addNameRange     '3.0.0-beta.2',
81 silly addNameRange     '3.0.0-beta.3',
81 silly addNameRange     '3.0.0-beta.4',
81 silly addNameRange     '2.1.0',
81 silly addNameRange     '2.1.1',
81 silly addNameRange     '3.0.0-beta.5' ] ]
82 verbose addNamed [ 'node-sass', '2.1.1' ]
83 verbose addNamed [ '2.1.1', '2.1.1' ]
84 silly lockFile 8610f59b-node-sass-2-1-1 node-sass@2.1.1
85 verbose lock node-sass@2.1.1 /Users/Adrian/.npm/8610f59b-node-sass-2-1-1.lock
86 silly lockFile 80e251f7-rg-node-sass-node-sass-2-1-1-tgz https://registry.npmjs.org/node-sass/-/node-sass-2.1.1.tgz
87 verbose lock https://registry.npmjs.org/node-sass/-/node-sass-2.1.1.tgz /Users/Adrian/.npm/80e251f7-rg-node-sass-node-sass-2-1-1-tgz.lock
88 verbose addRemoteTarball [ 'https://registry.npmjs.org/node-sass/-/node-sass-2.1.1.tgz',
88 verbose addRemoteTarball   '32847dceef9ef217bb68138ed5d3e2a72a6765fb' ]
89 info retry fetch attempt 1 at 18:12:28
90 verbose fetch to= /var/folders/kp/ppcx9bp50wb5gg6ltsm74j_c0000gn/T/npm-1499-Xi22rxOg/registry.npmjs.org/node-sass/-/node-sass-2.1.1.tgz
91 http GET https://registry.npmjs.org/node-sass/-/node-sass-2.1.1.tgz
92 http 200 https://registry.npmjs.org/jade/-/jade-1.9.2.tgz
93 http 200 https://registry.npmjs.org/node-sass/-/node-sass-2.1.1.tgz
94 http 200 https://registry.npmjs.org/express
95 silly registry.get cb [ 200,
95 silly registry.get   { date: 'Tue, 14 Apr 2015 17:12:29 GMT',
95 silly registry.get     server: 'CouchDB/1.5.0 (Erlang OTP/R16B03)',
95 silly registry.get     etag: '"API6I63SK1LNUV0SQTM3UXEBQ"',
95 silly registry.get     'content-type': 'application/json',
95 silly registry.get     'cache-control': 'max-age=60',
95 silly registry.get     'content-length': '492243',
95 silly registry.get     'accept-ranges': 'bytes',
95 silly registry.get     via: '1.1 varnish',
95 silly registry.get     age: '23',
95 silly registry.get     'x-served-by': 'cache-lcy1131-LCY',
95 silly registry.get     'x-cache': 'HIT',
95 silly registry.get     'x-cache-hits': '1',
95 silly registry.get     'x-timer': 'S1429031549.387148,VS0,VE2',
95 silly registry.get     vary: 'Accept',
95 silly registry.get     'keep-alive': 'timeout=10, max=50',
95 silly registry.get     connection: 'Keep-Alive' } ]
96 silly lockFile b8aa1eec-js-org-express-express-2-5-8-tgz https://registry.npmjs.org/express/-/express-2.5.8.tgz
97 verbose lock https://registry.npmjs.org/express/-/express-2.5.8.tgz /Users/Adrian/.npm/b8aa1eec-js-org-express-express-2-5-8-tgz.lock
98 verbose addRemoteTarball [ 'https://registry.npmjs.org/express/-/express-2.5.8.tgz',
98 verbose addRemoteTarball   'f166b55d4e8c6d2307ef88ad1768209613f7452a' ]
99 silly lockFile 481cf773-ry-npmjs-org-jade-jade-1-9-2-tgz https://registry.npmjs.org/jade/-/jade-1.9.2.tgz
100 silly lockFile 481cf773-ry-npmjs-org-jade-jade-1-9-2-tgz https://registry.npmjs.org/jade/-/jade-1.9.2.tgz
101 info retry fetch attempt 1 at 18:12:29
102 verbose fetch to= /var/folders/kp/ppcx9bp50wb5gg6ltsm74j_c0000gn/T/npm-1499-Xi22rxOg/registry.npmjs.org/express/-/express-2.5.8.tgz
103 silly lockFile 20e0e06b-jade-1-9-2 jade@1.9.2
104 silly lockFile 20e0e06b-jade-1-9-2 jade@1.9.2
105 silly lockFile 381ca5c2-jade-1-9-2 jade@^1.9.2
106 silly lockFile 381ca5c2-jade-1-9-2 jade@^1.9.2
107 http GET https://registry.npmjs.org/express/-/express-2.5.8.tgz
108 http 200 https://registry.npmjs.org/express/-/express-2.5.8.tgz
109 silly lockFile b8aa1eec-js-org-express-express-2-5-8-tgz https://registry.npmjs.org/express/-/express-2.5.8.tgz
110 silly lockFile b8aa1eec-js-org-express-express-2-5-8-tgz https://registry.npmjs.org/express/-/express-2.5.8.tgz
111 silly lockFile 70a1a393-express-2-5-8 express@2.5.8
112 silly lockFile 70a1a393-express-2-5-8 express@2.5.8
113 silly lockFile 80e251f7-rg-node-sass-node-sass-2-1-1-tgz https://registry.npmjs.org/node-sass/-/node-sass-2.1.1.tgz
114 silly lockFile 80e251f7-rg-node-sass-node-sass-2-1-1-tgz https://registry.npmjs.org/node-sass/-/node-sass-2.1.1.tgz
115 silly lockFile 8610f59b-node-sass-2-1-1 node-sass@2.1.1
116 silly lockFile 8610f59b-node-sass-2-1-1 node-sass@2.1.1
117 silly lockFile ca6c4ca6-node-sass-2-1-1 node-sass@^2.1.1
118 silly lockFile ca6c4ca6-node-sass-2-1-1 node-sass@^2.1.1
119 error Error: EACCES, mkdir '/Users/Adrian/.npm/jade/1.9.2'
119 error  { [Error: EACCES, mkdir '/Users/Adrian/.npm/jade/1.9.2']
119 error   errno: 3,
119 error   code: 'EACCES',
119 error   path: '/Users/Adrian/.npm/jade/1.9.2',
119 error   parent: 'application-name' }
120 error Please try running this command again as root/Administrator.
121 error System Darwin 14.0.0
122 error command "node" "/usr/local/bin/npm" "install"
123 error cwd /Users/Adrian/Documents/workspace/PL/P_ADPR
124 error node -v v0.10.36
125 error npm -v 1.4.28
126 error path /Users/Adrian/.npm/jade/1.9.2
127 error code EACCES
128 error errno 3
129 error stack Error: EACCES, mkdir '/Users/Adrian/.npm/jade/1.9.2'
130 verbose exit [ 3, true ]
